{
  "RSpec": {
    "coverage": {
      "/Users/guillaumebouffard/Projects/Takeaway-challenge/spec/checkout_spec.rb": [
        1,
        1,
        null,
        1,
        7,
        7,
        7,
        4,
        7,
        null,
        1,
        1,
        null,
        null,
        1,
        1,
        null,
        null,
        1,
        1,
        null,
        null,
        1,
        1,
        1,
        1,
        null,
        null,
        1,
        1,
        1,
        null,
        null,
        1,
        1,
        1,
        1,
        null,
        null
      ],
      "/Users/guillaumebouffard/Projects/Takeaway-challenge/lib/checkout.rb": [
        1,
        1,
        null,
        1,
        1,
        1,
        6,
        6,
        6,
        6,
        null,
        null,
        1,
        3,
        9,
        3,
        null,
        null,
        1,
        4,
        4,
        4,
        null,
        null,
        1,
        4,
        4,
        4,
        null,
        null,
        null,
        4,
        null,
        null
      ],
      "/Users/guillaumebouffard/Projects/Takeaway-challenge/lib/secrets.rb": [
        1,
        1,
        1,
        1
      ],
      "/Users/guillaumebouffard/Projects/Takeaway-challenge/spec/dish_spec.rb": [
        1,
        1,
        null,
        1,
        3,
        1,
        1,
        null,
        null,
        1,
        1,
        null,
        null
      ],
      "/Users/guillaumebouffard/Projects/Takeaway-challenge/lib/dish.rb": [
        1,
        1,
        1,
        2,
        2,
        null,
        null
      ],
      "/Users/guillaumebouffard/Projects/Takeaway-challenge/spec/inventory_spec.rb": [
        1,
        1,
        null,
        1,
        8,
        6,
        3,
        1,
        1,
        null,
        null,
        1,
        1,
        1,
        1,
        null,
        null,
        1,
        1,
        1,
        1,
        null,
        null,
        1,
        1,
        1,
        1,
        null,
        null,
        1,
        2,
        null,
        null,
        1,
        1,
        2,
        null,
        null,
        1,
        1,
        1,
        1,
        null,
        null
      ],
      "/Users/guillaumebouffard/Projects/Takeaway-challenge/lib/inventory.rb": [
        1,
        1,
        1,
        7,
        7,
        null,
        null,
        1,
        8,
        8,
        null,
        null,
        1,
        3,
        2,
        null,
        1,
        null,
        null,
        null
      ],
      "/Users/guillaumebouffard/Projects/Takeaway-challenge/spec/order_spec.rb": [
        1,
        1,
        null,
        1,
        9,
        8,
        8,
        8,
        null,
        1,
        1,
        null,
        null,
        1,
        1,
        1,
        null,
        null,
        1,
        2,
        null,
        null,
        1,
        1,
        1,
        1,
        null,
        null,
        1,
        1,
        2,
        null,
        null,
        1,
        1,
        1,
        1,
        null,
        null,
        1,
        1,
        1,
        1,
        1,
        1,
        null,
        null,
        1,
        1,
        1,
        1,
        null,
        null
      ],
      "/Users/guillaumebouffard/Projects/Takeaway-challenge/lib/order.rb": [
        1,
        1,
        1,
        8,
        8,
        null,
        null,
        1,
        8,
        null,
        null,
        1,
        2,
        null,
        null,
        1,
        1,
        null,
        null,
        1,
        1,
        1,
        null,
        null,
        1,
        5,
        2,
        null,
        null
      ]
    },
    "timestamp": 1435183572
  }
}
